<?xml version="1.0" encoding="UTF-8" ?>
<testsuite failures="0" time="0.734" errors="0" skipped="0" tests="22" name="org.openmrs.module.radiology.web.controller.PortletsControllerTest">
  <properties>
[...]
</properties>
  <testcase time="0.278" classname="org.openmrs.module.radiology.web.controller.PortletsControllerTest" name="filterRadiologyOrdersByDateRange_shouldPopulateModelAndViewWithTableOfOrdersAssociatedWithGivenDateRange"/>
  <testcase time="0.026" classname="org.openmrs.module.radiology.web.controller.PortletsControllerTest" name="filterRadiologyOrdersByDateRange_shouldReturnListOfOrdersAssociatedWithGivenDateRangeNull"/>
  <testcase time="0.026" classname="org.openmrs.module.radiology.web.controller.PortletsControllerTest" name="getRadiologyOrdersByPatientQueryAndDateRange_shouldNotPopulateModelAndViewWithRadiologyOrdersIfStartDateIsAfterEndDate"/>
  <testcase time="0.009" classname="org.openmrs.module.radiology.web.controller.PortletsControllerTest" name="filterRadiologyOrdersByDateRange_shouldReturnListOfOrdersAssociatedWithGivenEndDateButGivenStartDateNull"/>
  <testcase time="0.038" classname="org.openmrs.module.radiology.web.controller.PortletsControllerTest" name="filterRadiologyOrdersByDateRange_shouldReturnListOfOrdersAssociatedWithGivenEndDateAndStartDateAfterAnyOrderHasStarted"/>
  <testcase time="0.011" classname="org.openmrs.module.radiology.web.controller.PortletsControllerTest" name="getPatientInfoRoute_ShouldReturnStringWithPatientInfoRoute"/>
  <testcase time="0.035" classname="org.openmrs.module.radiology.web.controller.PortletsControllerTest" name="handleTypeMismatchException_shouldPopulateModelWithExceptionText"/>
  <testcase time="0.018" classname="org.openmrs.module.radiology.web.controller.PortletsControllerTest" name="filterRadiologyOrdersByDateRange_shouldReturnListOfOrdersAssociatedWithGivenEndDateAndStartDateBeforeAnyOrderHasStarted"/>
  <testcase time="0.012" classname="org.openmrs.module.radiology.web.controller.PortletsControllerTest" name="getRadiologyOrdersForPatientQuery_shouldReturnListOfAllRadiologyOrdersGivenPatientQueryMatchingNoPatient"/>
  <testcase time="0.012" classname="org.openmrs.module.radiology.web.controller.PortletsControllerTest" name="isEndDateBeforeStartDate_shouldReturnFalsewithGivenStartDateButEndDateNull"/>
  <testcase time="0.012" classname="org.openmrs.module.radiology.web.controller.PortletsControllerTest" name="filterRadiologyOrdersByDateRange_shouldPopulateModelAndViewWithTableOfOrdersAssociatedWithGivenStartDateButGivenEndDateNull"/>
  <testcase time="0.005" classname="org.openmrs.module.radiology.web.controller.PortletsControllerTest" name="isEndDateBeforeStartDate_shouldReturnFalsewithGivenStartDateAndEndDateNull"/>
  <testcase time="0.015" classname="org.openmrs.module.radiology.web.controller.PortletsControllerTest" name="getRadiologyOrdersForPatientQuery_shouldReturnListOfAllRadiologyOrdersForGivenPatientQuery"/>
  <testcase time="0.014" classname="org.openmrs.module.radiology.web.controller.PortletsControllerTest" name="getRadiologyOrdersForPatientQuery_shouldReturnListOfAllRadiologyOrdersGivenPatientQueryEmpty"/>
  <testcase time="0.005" classname="org.openmrs.module.radiology.web.controller.PortletsControllerTest" name="handleTypeMismatchException_shouldPopulateModelWithExceptionTextAndInvalidValue"/>
  <testcase time="0.02" classname="org.openmrs.module.radiology.web.controller.PortletsControllerTest" name="getRadiologyOrdersForPatientQuery_shouldReturnEmptyListForPatientsWithoutRadiologyOrders"/>
  <testcase time="0.005" classname="org.openmrs.module.radiology.web.controller.PortletsControllerTest" name="isEndDateBeforeStartDate_shouldReturnFalseIfEndDateIsNotAfterStartDate"/>
  <testcase time="0.012" classname="org.openmrs.module.radiology.web.controller.PortletsControllerTest" name="isEndDateBeforeStartDate_shouldReturnFalsewithGivenEndDateButStartDateNull"/>
  <testcase time="0.014" classname="org.openmrs.module.radiology.web.controller.PortletsControllerTest" name="getRadiologyOrdersByPatientQueryAndDateRange_shouldPopulateModelAndViewWithRadiologyOrders"/>
  <testcase time="0.016" classname="org.openmrs.module.radiology.web.controller.PortletsControllerTest" name="isEndDateBeforeStartDate_shouldReturnTrueIfEndDateIsAfterStartDate"/>
  <testcase time="0.005" classname="org.openmrs.module.radiology.web.controller.PortletsControllerTest" name="getRadiologyOrdersByPatientQueryAndDateRange_shouldPopulateModelAndViewWithRadiologyOrdersAssociatedWithGivenDateRangeNull"/>
  <testcase time="0.005" classname="org.openmrs.module.radiology.web.controller.PortletsControllerTest" name="getRadiologyOrdersForPatientQuery_shouldReturnListOfAllRadiologyOrdersGivenPatientQueryNull"/>
</testsuite>