<?xml version="1.0" encoding="UTF-8" ?>
<testsuite failures="0" time="0.933" errors="0" skipped="0" tests="40" name="org.openmrs.module.radiology.RadiologyPropertiesComponentTest">
  <properties>
[...]
</properties>
  <testcase time="0.032" classname="org.openmrs.module.radiology.RadiologyPropertiesComponentTest" name="getPacsDicomAeTitle_shouldReturnPacsDicomAeTitle"/>
  <testcase time="0.016" classname="org.openmrs.module.radiology.RadiologyPropertiesComponentTest" name="getDicomMppsPort_shouldReturnPacsDicomMppsPort"/>
  <testcase time="0.024" classname="org.openmrs.module.radiology.RadiologyPropertiesComponentTest" name="getRadiologyCareSetting_shouldReturnRadiologyCareSetting"/>
  <testcase time="0.018" classname="org.openmrs.module.radiology.RadiologyPropertiesComponentTest" name="getRadiologyTestOrderType_shouldThrowIllegalStateExceptionForNonExistingRadiologyTestOrderType"/>
  <testcase time="0.013" classname="org.openmrs.module.radiology.RadiologyPropertiesComponentTest" name="getDicomMppsPort_shouldThrowIllegalStateExceptionIfGlobalPropertyForPacsDicomMppsPortCannotBeFound"/>
  <testcase time="0.014" classname="org.openmrs.module.radiology.RadiologyPropertiesComponentTest" name="getRadiologyConceptClassNames_shouldThrowIllegalStateExceptionIfGlobalPropertyRadiologyConceptClassesIsNull"/>
  <testcase time="0.014" classname="org.openmrs.module.radiology.RadiologyPropertiesComponentTest" name="getRadiologyVisitType_shouldThrowIllegalStateExceptionForNonExistingRadiologyVisitType"/>
  <testcase time="0.019" classname="org.openmrs.module.radiology.RadiologyPropertiesComponentTest" name="getDicomWebViewerAddress_shouldReturnDicomWebViewerAddress"/>
  <testcase time="0.027" classname="org.openmrs.module.radiology.RadiologyPropertiesComponentTest" name="getDicomApplicationUID_shouldDicomApplicationUid"/>
  <testcase time="0.019" classname="org.openmrs.module.radiology.RadiologyPropertiesComponentTest" name="getDicomApplicationUID_shouldThrowIllegalStateExceptionIfGlobalPropertyForDicomApplicationUidCannotBeFound"/>
  <testcase time="0.035" classname="org.openmrs.module.radiology.RadiologyPropertiesComponentTest" name="getRadiologyCareSetting_shouldThrowIllegalStateExceptionIfGlobalPropertyForRadiologyCareSettingCannotBeFound"/>
  <testcase time="0.029" classname="org.openmrs.module.radiology.RadiologyPropertiesComponentTest" name="getDicomSpecificCharacterSet_shouldThrowIllegalStateExceptionIfGlobalPropertyForDicomSpecificCharacterSetCannotBeFound"/>
  <testcase time="0.039" classname="org.openmrs.module.radiology.RadiologyPropertiesComponentTest" name="getDicomWebViewerBaseUrl_shouldReturnDicomWebViewerBaseUrl"/>
  <testcase time="0.031" classname="org.openmrs.module.radiology.RadiologyPropertiesComponentTest" name="getRadiologyConceptClassNames_shouldThrowIllegalStateExceptionIfGlobalPropertyRadiologyConceptClassesIsAnEmptyString"/>
  <testcase time="0.036" classname="org.openmrs.module.radiology.RadiologyPropertiesComponentTest" name="getRadiologyCareSetting_shouldThrowIllegalStateExceptionIfRadiologyCareSettingCannotBeFound"/>
  <testcase time="0.015" classname="org.openmrs.module.radiology.RadiologyPropertiesComponentTest" name="getPacsDicomAeTitle_shouldThrowIllegalStateExceptionIfGlobalPropertyForPacsDicomAeTitleCannotBeFound"/>
  <testcase time="0.022" classname="org.openmrs.module.radiology.RadiologyPropertiesComponentTest" name="getDicomWebViewerPort_shouldReturnDicomWebViewerPort"/>
  <testcase time="0.02" classname="org.openmrs.module.radiology.RadiologyPropertiesComponentTest" name="getDicomSpecificCharacterSet_shouldDicomSpecificCharacterSet"/>
  <testcase time="0.017" classname="org.openmrs.module.radiology.RadiologyPropertiesComponentTest" name="getPacsHL7Port_shouldReturnPacsHl7Port"/>
  <testcase time="0.024" classname="org.openmrs.module.radiology.RadiologyPropertiesComponentTest" name="getDicomWebViewerBaseUrl_shouldThrowIllegalStateExceptionIfGlobalPropertyForDicomWebViewerBaseUrlCannotBeFound"/>
  <testcase time="0.012" classname="org.openmrs.module.radiology.RadiologyPropertiesComponentTest" name="getDicomWebViewerAddress_shouldThrowIllegalStateExceptionIfGlobalPropertyForDicomWebViewerAddressCannotBeFound"/>
  <testcase time="0.016" classname="org.openmrs.module.radiology.RadiologyPropertiesComponentTest" name="getRadiologyOrderingProviderEncounterRole_shouldThrowIllegalStateExceptionForNonExistingOrderingProviderEncounterRole"/>
  <testcase time="0.036" classname="org.openmrs.module.radiology.RadiologyPropertiesComponentTest" name="getRadiologyConceptClassNames_shouldReturnsCommaSeparatedListOfConceptClassNamesConfiguredViaConceptClassUUIDsInGlobalPropertyRadiologyConceptClasses"/>
  <testcase time="0.02" classname="org.openmrs.module.radiology.RadiologyPropertiesComponentTest" name="getRadiologyConceptClassNames_shouldThrowIllegalStateExceptionIfGlobalPropertyRadiologyConceptClassesIsBadlyFormatted"/>
  <testcase time="0.014" classname="org.openmrs.module.radiology.RadiologyPropertiesComponentTest" name="getDicomStudyUIDSlug_shouldThrowIllegalStateExceptionIfGlobalPropertyForDicomStudyUidSlugCannotBeFound"/>
  <testcase time="0.021" classname="org.openmrs.module.radiology.RadiologyPropertiesComponentTest" name="getPacsAddress_shouldThrowIllegalStateExceptionIfGlobalPropertyForPacsAddressCannotBeFound"/>
  <testcase time="0.038" classname="org.openmrs.module.radiology.RadiologyPropertiesComponentTest" name="getDicomAeTitle_shouldReturnDicomAeTitle"/>
  <testcase time="0.031" classname="org.openmrs.module.radiology.RadiologyPropertiesComponentTest" name="getStudyPrefix_shouldReturnStudyPrefixConsistingofApplicationUidAndStudyUidSlug"/>
  <testcase time="0.016" classname="org.openmrs.module.radiology.RadiologyPropertiesComponentTest" name="getRadiologyOrderEncounterType_shouldThrowIllegalStateExceptionForNonExistingRadiologyEncounterType"/>
  <testcase time="0.016" classname="org.openmrs.module.radiology.RadiologyPropertiesComponentTest" name="getRadiologyConceptClassNames_shouldThrowIllegalStateExceptionIfGlobalPropertyRadiologyConceptClassesContainsAUUIDNotFoundAmongConceptClasses"/>
  <testcase time="0.012" classname="org.openmrs.module.radiology.RadiologyPropertiesComponentTest" name="getDicomAeTitle_shouldThrowIllegalStateExceptionIfGlobalPropertyForDicomAeTitleCannotBeFound"/>
  <testcase time="0.031" classname="org.openmrs.module.radiology.RadiologyPropertiesComponentTest" name="getRadiologyOrderingProviderEncounterRole_shouldReturnEncounterRoleForOrderingProvider"/>
  <testcase time="0.014" classname="org.openmrs.module.radiology.RadiologyPropertiesComponentTest" name="getDicomStudyUIDSlug_shouldDicomStudyUidSlug"/>
  <testcase time="0.013" classname="org.openmrs.module.radiology.RadiologyPropertiesComponentTest" name="getDicomWebViewerPort_shouldThrowIllegalStateExceptionIfGlobalPropertyForDicomWebViewerPortCannotBeFound"/>
  <testcase time="0.043" classname="org.openmrs.module.radiology.RadiologyPropertiesComponentTest" name="getRadiologyVisitType_shouldReturnVisitTypeForRadiologyOrders"/>
  <testcase time="0.031" classname="org.openmrs.module.radiology.RadiologyPropertiesComponentTest" name="getRadiologyOrderEncounterType_shouldReturnEncounterTypeForRadiologyOrders"/>
  <testcase time="0.049" classname="org.openmrs.module.radiology.RadiologyPropertiesComponentTest" name="getRadiologyTestOrderType_shouldReturnOrderTypeForRadiologyTestOrders"/>
  <testcase time="0.016" classname="org.openmrs.module.radiology.RadiologyPropertiesComponentTest" name="getPacsAddress_shouldReturnPacsAddress"/>
  <testcase time="0.012" classname="org.openmrs.module.radiology.RadiologyPropertiesComponentTest" name="getPacsHL7Port_shouldThrowIllegalStateExceptionIfGlobalPropertyForPacsHl7PortCannotBeFound"/>
  <testcase time="0.013" classname="org.openmrs.module.radiology.RadiologyPropertiesComponentTest" name="getDicomWebViewerLocalServerName_shouldReturnDicomWebViewerLocalServerName"/>
</testsuite>