<?xml version="1.0" encoding="UTF-8" ?>
<testsuite failures="0" time="8.054" errors="0" skipped="0" tests="84" name="org.openmrs.module.radiology.RadiologyServiceComponentTest">
  <properties>
[...]
</properties>
  <testcase time="0.159" classname="org.openmrs.module.radiology.RadiologyServiceComponentTest" name="placeRadiologyOrder_shouldThrowIllegalArgumentExceptionGivenNull"/>
  <testcase time="0.159" classname="org.openmrs.module.radiology.RadiologyServiceComponentTest" name="saveRadiologyReport_shouldThrowAnIllegalArgumentExceptionIfRadiologyReportIsNull"/>
  <testcase time="0.132" classname="org.openmrs.module.radiology.RadiologyServiceComponentTest" name="placeRadiologyOrderInPacs_shouldThrowIllegalArgumentExceptionIfGivenRadiologyOrderHasNoStudy"/>
  <testcase time="0.086" classname="org.openmrs.module.radiology.RadiologyServiceComponentTest" name="getRadiologyOrdersByPatients_shouldThrowIllegalArgumentExceptionGivenNull"/>
  <testcase time="0.155" classname="org.openmrs.module.radiology.RadiologyServiceComponentTest" name="saveRadiologyReport_shouldSaveRadiologyReportInDatabaseAndReturnIt"/>
  <testcase time="0.086" classname="org.openmrs.module.radiology.RadiologyServiceComponentTest" name="getStudyByOrderId_shouldReturnStudyMatching"/>
  <testcase time="0.09" classname="org.openmrs.module.radiology.RadiologyServiceComponentTest" name="discontinueRadiologyOrder_shouldThrowIllegalArgumentExceptionIfRadiologyOrderIsCompleted"/>
  <testcase time="0.162" classname="org.openmrs.module.radiology.RadiologyServiceComponentTest" name="unclaimRadiologyReport_shouldThrowAnIllegalArgumentExceptionIfRadiologyReportIsNull"/>
  <testcase time="0.105" classname="org.openmrs.module.radiology.RadiologyServiceComponentTest" name="unclaimRadiologyReport_shouldThrowAnUnsupportedOperationExceptionIfRadiologyReportIsDiscontinued"/>
  <testcase time="0.141" classname="org.openmrs.module.radiology.RadiologyServiceComponentTest" name="getRadiologyOrdersByPatients_shouldReturnAllRadiologyOrdersAssociatedWithGivenPatients"/>
  <testcase time="0.172" classname="org.openmrs.module.radiology.RadiologyServiceComponentTest" name="getRadiologyOrdersByPatients_shouldReturnAllRadiologyOrdersGivenEmptyPatientList"/>
  <testcase time="0.076" classname="org.openmrs.module.radiology.RadiologyServiceComponentTest" name="getRadiologyReportsByRadiologyOrderAndReportStatus_shouldReturnNullIfThereAreNoRadiologyReportsForThisRadiologyOrder"/>
  <testcase time="0.138" classname="org.openmrs.module.radiology.RadiologyServiceComponentTest" name="getRadiologyReportByRadiologyReportId_shouldFetchRadiologyReportMatchingGivenRadiologyReportId"/>
  <testcase time="0.146" classname="org.openmrs.module.radiology.RadiologyServiceComponentTest" name="createAndClaimRadiologyReport_shouldThrowAnUnsupportedOperationExceptionIfGivenOrderHasACompletedRadiologyReport"/>
  <testcase time="0.061" classname="org.openmrs.module.radiology.RadiologyServiceComponentTest" name="getRadiologyReportByRadiologyReportId_shouldThrowIllegalArgumentExceptionIfRadiologyReportIdIsNull"/>
  <testcase time="0.112" classname="org.openmrs.module.radiology.RadiologyServiceComponentTest" name="getStudyByStudyInstanceUid_shouldThrowIllegalArgumentExceptionIfUidIsNull"/>
  <testcase time="0.055" classname="org.openmrs.module.radiology.RadiologyServiceComponentTest" name="createAndClaimRadiologyReport_shouldThrowAnIllegalArgumentExceptionIfGivenRadiologyOrderIsNull"/>
  <testcase time="0.07" classname="org.openmrs.module.radiology.RadiologyServiceComponentTest" name="getStudiesByRadiologyOrders_shouldReturnEmptyListGivenEmptyRadiologyOrderList"/>
  <testcase time="0.079" classname="org.openmrs.module.radiology.RadiologyServiceComponentTest" name="getRadiologyReportsByRadiologyOrderAndReportStatus_shouldReturnAListOfClaimedRadiologyReportIfRadiologyReportStatusIsClaimed"/>
  <testcase time="0.071" classname="org.openmrs.module.radiology.RadiologyServiceComponentTest" name="completeRadiologyReport_shouldThrowAnUnsupportedOperationExceptionIfRadiologyReportIsCompleted"/>
  <testcase time="0.11" classname="org.openmrs.module.radiology.RadiologyServiceComponentTest" name="discontinueRadiologyOrder_shouldThrowIllegalArgumentExceptionGivenEmptyProvider"/>
  <testcase time="0.113" classname="org.openmrs.module.radiology.RadiologyServiceComponentTest" name="updateStudyPerformedStatus_shouldThrowIllegalArgumentExceptionIfStudyInstanceUidIsNull"/>
  <testcase time="0.07" classname="org.openmrs.module.radiology.RadiologyServiceComponentTest" name="getRadiologyReportsByRadiologyOrderAndReportStatus_shouldReturnAListOfCompletedRadiologyReportIfReportStatusIsCompleted"/>
  <testcase time="0.151" classname="org.openmrs.module.radiology.RadiologyServiceComponentTest" name="getStudiesByRadiologyOrders_shouldReturnEmptyListGivenRadiologyOrdersWithoutAssociatedStudies"/>
  <testcase time="0.05" classname="org.openmrs.module.radiology.RadiologyServiceComponentTest" name="getRadiologyReportsByRadiologyOrderAndReportStatus_shouldThrowAnIllegalArgumentExceptionIfGivenRadiologyOrderIsNull"/>
  <testcase time="0.048" classname="org.openmrs.module.radiology.RadiologyServiceComponentTest" name="unclaimRadiologyReport_shouldSetTheRadiologyReportStatusOfRadiologyReportToDiscontinued"/>
  <testcase time="0.059" classname="org.openmrs.module.radiology.RadiologyServiceComponentTest" name="placeRadiologyOrderInPacs_shouldThrowIllegalArgumentExceptionGivenNull"/>
  <testcase time="0.088" classname="org.openmrs.module.radiology.RadiologyServiceComponentTest" name="hasRadiologyOrderClaimedRadiologyReport_shouldReturnFalseIfTheRadiologyOrderIsNull"/>
  <testcase time="0.072" classname="org.openmrs.module.radiology.RadiologyServiceComponentTest" name="getStudiesByRadiologyOrders_shouldFetchAllStudiesForGivenRadiologyOrders"/>
  <testcase time="0.058" classname="org.openmrs.module.radiology.RadiologyServiceComponentTest" name="createAndClaimRadiologyReport_shouldCreateARadiologyOrderWithReportStatusClaimedGivenACompletedRadiologyOrder"/>
  <testcase time="0.06" classname="org.openmrs.module.radiology.RadiologyServiceComponentTest" name="completeRadiologyReport_shouldThrowAnIllegalArgumentExceptionIfRadiologyReportIsNull"/>
  <testcase time="0.077" classname="org.openmrs.module.radiology.RadiologyServiceComponentTest" name="placeRadiologyOrderInPacs_shouldThrowIllegalArgumentExceptionGivenRadiologyOrderWithOrderIdNull"/>
  <testcase time="0.059" classname="org.openmrs.module.radiology.RadiologyServiceComponentTest" name="completeRadiologyReport_shouldSetTheRadiologyReportStatusToComplete"/>
  <testcase time="0.061" classname="org.openmrs.module.radiology.RadiologyServiceComponentTest" name="getActiveRadiologyReportByRadiologyOrder_shouldThrowAnIllegalArgumentExceptionIfRadiologyOrderIsNull"/>
  <testcase time="0.095" classname="org.openmrs.module.radiology.RadiologyServiceComponentTest" name="getStudyByStudyId_shouldReturnNullIfNoMatchIsFound"/>
  <testcase time="0.143" classname="org.openmrs.module.radiology.RadiologyServiceComponentTest" name="completeRadiologyReport_shouldThrowAnIllegalArgumentExceptionIfPrincipalResultsInterpreterIsNull"/>
  <testcase time="0.082" classname="org.openmrs.module.radiology.RadiologyServiceComponentTest" name="getRadiologyOrdersByPatient_shouldThrowIllegalArgumentExceptionGivenNull"/>
  <testcase time="0.074" classname="org.openmrs.module.radiology.RadiologyServiceComponentTest" name="getRadiologyOrderByOrderId_shouldReturnNullIfNoMatchIsFound"/>
  <testcase time="0.059" classname="org.openmrs.module.radiology.RadiologyServiceComponentTest" name="updateStudyPerformedStatus_shouldThrowIllegalArgumentExceptionIfPerformedStatusIsNull"/>
  <testcase time="0.047" classname="org.openmrs.module.radiology.RadiologyServiceComponentTest" name="completeRadiologyReport_shouldThrowAnUnsupportedOperationExceptionIfRadiologyReportIsDiscontinued"/>
  <testcase time="0.103" classname="org.openmrs.module.radiology.RadiologyServiceComponentTest" name="saveRadiologyReport_shouldThrowAnUnsupportedOperationExceptionIfRadiologyReportIsDiscontinued"/>
  <testcase time="0.1" classname="org.openmrs.module.radiology.RadiologyServiceComponentTest" name="hasRadiologyOrderCompletedRadiologyReport_shouldThrowAnIllegalArgumentExceptionIfRadiologyOrderIsNull"/>
  <testcase time="0.12" classname="org.openmrs.module.radiology.RadiologyServiceComponentTest" name="getRadiologyOrdersByPatient_shouldReturnAllRadiologyOrdersAssociatedWithGivenPatient"/>
  <testcase time="0.093" classname="org.openmrs.module.radiology.RadiologyServiceComponentTest" name="getStudiesByRadiologyOrders_shouldThrowIllegalArgumentExceptionGivenNull"/>
  <testcase time="0.155" classname="org.openmrs.module.radiology.RadiologyServiceComponentTest" name="discontinueRadiologyOrder_shouldCreateDiscontinuationOrderWhichDiscontinuesGivenRadiologyOrderThatIsNotInProgressOrCompleted"/>
  <testcase time="0.378" classname="org.openmrs.module.radiology.RadiologyServiceComponentTest" name="placeRadiologyOrder_shouldCreateRadiologyOrderEncounterWithOrdererAndAttachedToExistingActiveVisitIfPatientHasActiveVisit"/>
  <testcase time="0.127" classname="org.openmrs.module.radiology.RadiologyServiceComponentTest" name="saveRadiologyReport_shouldThrowAnIllegalArgumentExceptionIfRadiologyReportStatusIsNull"/>
  <testcase time="0.122" classname="org.openmrs.module.radiology.RadiologyServiceComponentTest" name="getActiveRadiologyReportByRadiologyOrder_shouldReturnARadiologyReportIfTheReportStatusIsClaimed"/>
  <testcase time="0.061" classname="org.openmrs.module.radiology.RadiologyServiceComponentTest" name="hasRadiologyOrderCompletedRadiologyReport_shouldReturnFalseIfTheRadiologyOrderHasNoCompletedRadiologyReport"/>
  <testcase time="0.096" classname="org.openmrs.module.radiology.RadiologyServiceComponentTest" name="getStudyByStudyId_shouldReturnStudyForGivenStudyId"/>
  <testcase time="0.07" classname="org.openmrs.module.radiology.RadiologyServiceComponentTest" name="discontinueRadiologyOrder_shouldThrowIllegalArgumentExceptionIfRadiologyOrderIsNotActive"/>
  <testcase time="0.099" classname="org.openmrs.module.radiology.RadiologyServiceComponentTest" name="getStudyByStudyInstanceUid_shouldReturnNullIfNoMatchIsFound"/>
  <testcase time="0.056" classname="org.openmrs.module.radiology.RadiologyServiceComponentTest" name="discontinueRadiologyOrder_shouldThrowIllegalArgumentExceptionGivenEmptyRadiologyOrder"/>
  <testcase time="0.204" classname="org.openmrs.module.radiology.RadiologyServiceComponentTest" name="placeRadiologyOrder_shouldThrowIllegalArgumentExceptionGivenExistingRadiologyOrder"/>
  <testcase time="0.101" classname="org.openmrs.module.radiology.RadiologyServiceComponentTest" name="getRadiologyOrderByOrderId_shouldReturnRadiologyOrderMatchingOrderId"/>
  <testcase time="0.085" classname="org.openmrs.module.radiology.RadiologyServiceComponentTest" name="saveRadiologyReport_shouldThrowAnUnsupportedOperationExceptionIfRadiologyReportIsCompleted"/>
  <testcase time="0.146" classname="org.openmrs.module.radiology.RadiologyServiceComponentTest" name="placeRadiologyOrder_shouldThrowIllegalArgumentExceptionIfGivenRadiologyOrderHasNoStudy"/>
  <testcase time="0.105" classname="org.openmrs.module.radiology.RadiologyServiceComponentTest" name="discontinueRadiologyOrder_shouldThrowIllegalArgumentExceptionGivenRadiologyOrderWithOrderIdNull"/>
  <testcase time="0.135" classname="org.openmrs.module.radiology.RadiologyServiceComponentTest" name="discontinueRadiologyOrder_shouldCreateDiscontinuationOrderWithEncounterAttachedToNewActiveVisitIfPatientWithoutActiveVisit"/>
  <testcase time="0.154" classname="org.openmrs.module.radiology.RadiologyServiceComponentTest" name="discontinueRadiologyOrder_shouldCreateDiscontinuationOrderWithEncounterAttachedToExistingActiveVisitIfPatientHasActiveVisit"/>
  <testcase time="0.065" classname="org.openmrs.module.radiology.RadiologyServiceComponentTest" name="getRadiologyOrderByOrderId_shouldThrowIllegalArgumentExceptionGivenNull"/>
  <testcase time="0.053" classname="org.openmrs.module.radiology.RadiologyServiceComponentTest" name="placeRadiologyOrder_shouldThrowIllegalArgumentExceptionIfGivenStudyModalityIsNull"/>
  <testcase time="0.038" classname="org.openmrs.module.radiology.RadiologyServiceComponentTest" name="discontinueRadiologyOrderInPacs_shouldThrowIllegalArgumentExceptionGivenRadiologyOrderWithOrderIdNull"/>
  <testcase time="0.167" classname="org.openmrs.module.radiology.RadiologyServiceComponentTest" name="placeRadiologyOrder_shouldCreateNewRadiologyOrderAndStudyGivenRadiologyOrderObject"/>
  <testcase time="0.086" classname="org.openmrs.module.radiology.RadiologyServiceComponentTest" name="getRadiologyOrdersByPatient_shouldReturnEmptyListGivenPatientWithoutAssociatedRadiologyOrders"/>
  <testcase time="0.122" classname="org.openmrs.module.radiology.RadiologyServiceComponentTest" name="getStudyByStudyInstanceUid_shouldReturnStudyMatchingUid"/>
  <testcase time="0.127" classname="org.openmrs.module.radiology.RadiologyServiceComponentTest" name="unclaimRadiologyReport_shouldThrowAnIllegalArgumentExceptionIfRadiologyReportStatusIsNull"/>
  <testcase time="0.072" classname="org.openmrs.module.radiology.RadiologyServiceComponentTest" name="discontinueRadiologyOrderInPacs_shouldThrowIllegalArgumentExceptionGivenNull"/>
  <testcase time="0.107" classname="org.openmrs.module.radiology.RadiologyServiceComponentTest" name="unclaimRadiologyReport_shouldThrowAnUnsupportedOperationExceptionIfRadiologyReportIsCompleted"/>
  <testcase time="0.073" classname="org.openmrs.module.radiology.RadiologyServiceComponentTest" name="hasRadiologyOrderClaimedRadiologyReport_shouldReturnFalseIfTheRadiologyOrderHasNoClaimedRadiologyReport"/>
  <testcase time="0.074" classname="org.openmrs.module.radiology.RadiologyServiceComponentTest" name="hasRadiologyOrderClaimedRadiologyReport_shouldReturnTrueIfTheRadiologyOrderHasAClaimedRadiologyReport"/>
  <testcase time="0.041" classname="org.openmrs.module.radiology.RadiologyServiceComponentTest" name="updateStudyPerformedStatus_shouldUpdatePerformedStatusOfStudyAssociatedWithGivenStudyInstanceUid"/>
  <testcase time="0.047" classname="org.openmrs.module.radiology.RadiologyServiceComponentTest" name="getRadiologyReportsByRadiologyOrderAndReportStatus_shouldReturnAListOfDiscontinuedRadiologyReportIfReportStatusIsClaimed"/>
  <testcase time="0.042" classname="org.openmrs.module.radiology.RadiologyServiceComponentTest" name="completeRadiologyReport_shouldThrowAnIllegalArgumentExceptionIfRadiologyReportStatusIsNull"/>
  <testcase time="0.043" classname="org.openmrs.module.radiology.RadiologyServiceComponentTest" name="completeRadiologyReport_shouldSetTheReportDateOfTheRadiologyReportToTheDayTheRadiologyReportWasCompleted"/>
  <testcase time="0.045" classname="org.openmrs.module.radiology.RadiologyServiceComponentTest" name="createAndClaimRadiologyReport_shouldThrowAnUnsupportedOperationExceptionIfGivenOrderHasAClaimedRadiologyReport"/>
  <testcase time="0.05" classname="org.openmrs.module.radiology.RadiologyServiceComponentTest" name="getActiveRadiologyReportByRadiologyOrder_shouldReturnTrueARadiologyReportIfTheReportStatusIsCompleted"/>
  <testcase time="0.048" classname="org.openmrs.module.radiology.RadiologyServiceComponentTest" name="discontinueRadiologyOrder_shouldThrowIllegalArgumentExceptionIfRadiologyOrderIsInProgress"/>
  <testcase time="0.038" classname="org.openmrs.module.radiology.RadiologyServiceComponentTest" name="getStudyByOrderId_shouldReturnNullIfNoMatchIsFound"/>
  <testcase time="0.041" classname="org.openmrs.module.radiology.RadiologyServiceComponentTest" name="createAndClaimRadiologyReport_shouldThrowAnIllegalArgumentExceptionIfGivenRadiologyOrderIsNotCompleted"/>
  <testcase time="0.044" classname="org.openmrs.module.radiology.RadiologyServiceComponentTest" name="getStudyByOrderId_shouldThrowIllegalArgumentExceptionGivenNull"/>
  <testcase time="0.055" classname="org.openmrs.module.radiology.RadiologyServiceComponentTest" name="getRadiologyReportsByRadiologyOrderAndReportStatus_shouldThrowAnIllegalArgumentExceptionIfGivenReportStatusIsNull"/>
  <testcase time="0.075" classname="org.openmrs.module.radiology.RadiologyServiceComponentTest" name="hasRadiologyOrderCompletedRadiologyReport_shouldReturnTrueIfTheRadiologyOrderHasACompletedRadiologyReport"/>
  <testcase time="0.105" classname="org.openmrs.module.radiology.RadiologyServiceComponentTest" name="placeRadiologyOrder_shouldCreateRadiologyOrderEncounterWithOrdererAttachedToNewActiveVisitIfPatientWithoutActiveVisit"/>
</testsuite>